#######################################################################################
# log primitive debug message of FSDB dumping                                         #
# This is for R&D to analyze when there are issues happening when FSDB dump           #
#######################################################################################
ANF: vcsd_get_serial_mode_status('./simv: undefined symbol: vcsd_get_serial_mode_status')
ANF: vcsd_enable_sva_success_callback('./simv: undefined symbol: vcsd_enable_sva_success_callback')
ANF: vcsd_disable_sva_success_callback('./simv: undefined symbol: vcsd_disable_sva_success_callback')
ANF: vcsd_get_power_scope_name('./simv: undefined symbol: vcsd_get_power_scope_name')
ANF: vcsd_begin_no_value_var_info('./simv: undefined symbol: vcsd_begin_no_value_var_info')
ANF: vcsd_end_no_value_var_info('./simv: undefined symbol: vcsd_end_no_value_var_info')
ANF: vcsd_remove_xprop_merge_mode_callback('./simv: undefined symbol: vcsd_remove_xprop_merge_mode_callback')
ANF: vhpi_get_cb_info('./simv: undefined symbol: vhpi_get_cb_info')
ANF: vhpi_free_handle('./simv: undefined symbol: vhpi_free_handle')
ANF: vhpi_fetch_vcsd_handle('./simv: undefined symbol: vhpi_fetch_vcsd_handle')
ANF: vhpi_fetch_vpi_handle('./simv: undefined symbol: vhpi_fetch_vpi_handle')
ANF: vhpi_has_verilog_parent('./simv: undefined symbol: vhpi_has_verilog_parent')
ANF: vhpi_is_verilog_scope('./simv: undefined symbol: vhpi_is_verilog_scope')
ANF: scsd_xprop_is_enabled('./simv: undefined symbol: scsd_xprop_is_enabled')
ANF: scsd_xprop_sig_is_promoted('./simv: undefined symbol: scsd_xprop_sig_is_promoted')
ANF: scsd_xprop_int_xvalue('./simv: undefined symbol: scsd_xprop_int_xvalue')
ANF: scsd_xprop_bool_xvalue('./simv: undefined symbol: scsd_xprop_bool_xvalue')
ANF: scsd_xprop_enum_xvalue('./simv: undefined symbol: scsd_xprop_enum_xvalue')
ANF: scsd_xprop_register_merge_mode_cb('./simv: undefined symbol: scsd_xprop_register_merge_mode_cb')
ANF: scsd_xprop_delete_merge_mode_cb('./simv: undefined symbol: scsd_xprop_delete_merge_mode_cb')
ANF: scsd_xprop_get_merge_mode('./simv: undefined symbol: scsd_xprop_get_merge_mode')
ANF: scsd_thread_get_info('./simv: undefined symbol: scsd_thread_get_info')
ANF: scsd_thread_vc_init('./simv: undefined symbol: scsd_thread_vc_init')
ANF: scsd_master_set_delta_sync_cbk('./simv: undefined symbol: scsd_master_set_delta_sync_cbk')
ANF: scsd_fgp_get_fsdb_cores('./simv: undefined symbol: scsd_fgp_get_fsdb_cores')
ANF: vhdi_dt_get_type('./simv: undefined symbol: vhdi_dt_get_type')
ANF: vhdi_dt_get_key('./simv: undefined symbol: vhdi_dt_get_key')
ANF: vhdi_dt_get_vhdl_enum_info('./simv: undefined symbol: vhdi_dt_get_vhdl_enum_info')
ANF: vhdi_dt_get_vhdl_physical_info('./simv: undefined symbol: vhdi_dt_get_vhdl_physical_info')
ANF: vhdi_dt_get_vhdl_array_info('./simv: undefined symbol: vhdi_dt_get_vhdl_array_info')
ANF: vhdi_dt_get_vhdl_record_info('./simv: undefined symbol: vhdi_dt_get_vhdl_record_info')
ANF: vhdi_def_traverse_module('./simv: undefined symbol: vhdi_def_traverse_module')
ANF: vhdi_def_traverse_scope('./simv: undefined symbol: vhdi_def_traverse_scope')
ANF: vhdi_def_traverse_variable('./simv: undefined symbol: vhdi_def_traverse_variable')
ANF: vhdi_def_get_module_id_by_vhpi('./simv: undefined symbol: vhdi_def_get_module_id_by_vhpi')
ANF: vhdi_def_get_handle_by_module_id('./simv: undefined symbol: vhdi_def_get_handle_by_module_id')
ANF: vhdi_def_get_variable_info_by_vhpi('./simv: undefined symbol: vhdi_def_get_variable_info_by_vhpi')
ANF: vhdi_def_free('./simv: undefined symbol: vhdi_def_free')
ANF: vhdi_ist_traverse_scope('./simv: undefined symbol: vhdi_ist_traverse_scope')
ANF: vhdi_ist_traverse_variable('./simv: undefined symbol: vhdi_ist_traverse_variable')
ANF: vhdi_ist_convert_by_vhpi('./simv: undefined symbol: vhdi_ist_convert_by_vhpi')
ANF: vhdi_ist_clone('./simv: undefined symbol: vhdi_ist_clone')
ANF: vhdi_ist_free('./simv: undefined symbol: vhdi_ist_free')
ANF: vhdi_ist_hash_key('./simv: undefined symbol: vhdi_ist_hash_key')
ANF: vhdi_ist_compare('./simv: undefined symbol: vhdi_ist_compare')
ANF: vhdi_ist_get_value_addr('./simv: undefined symbol: vhdi_ist_get_value_addr')
ANF: vhdi_set_scsd_callback('./simv: undefined symbol: vhdi_set_scsd_callback')
ANF: vhdi_cbk_set_force_callback('./simv: undefined symbol: vhdi_cbk_set_force_callback')
ANF: vhdi_trigger_init_force('./simv: undefined symbol: vhdi_trigger_init_force')
ANF: vhdi_ist_check_scsd_callback('./simv: undefined symbol: vhdi_ist_check_scsd_callback')
ANF: vhdi_ist_add_scsd_callback('./simv: undefined symbol: vhdi_ist_add_scsd_callback')
ANF: vhdi_ist_remove_scsd_callback('./simv: undefined symbol: vhdi_ist_remove_scsd_callback')
ANF: vhdi_ist_get_scsd_user_data('./simv: undefined symbol: vhdi_ist_get_scsd_user_data')
ANF: vhdi_add_time_change_callback('./simv: undefined symbol: vhdi_add_time_change_callback')
ANF: vhdi_get_real_value_by_value_addr('./simv: undefined symbol: vhdi_get_real_value_by_value_addr')
ANF: vhdi_get_64_value_by_value_addr('./simv: undefined symbol: vhdi_get_64_value_by_value_addr')
ANF: vhdi_xprop_inst_is_promoted('./simv: undefined symbol: vhdi_xprop_inst_is_promoted')
ANF: vdi_ist_convert_by_vhdi('./simv: undefined symbol: vdi_ist_convert_by_vhdi')
ANF: vhdi_ist_get_module_id('./simv: undefined symbol: vhdi_ist_get_module_id')
ANF: vhdi_refine_foreign_scope_type('./simv: undefined symbol: vhdi_refine_foreign_scope_type')
ANF: vhdi_flush_callback('./simv: undefined symbol: vhdi_flush_callback')
ANF: vhdi_set_orig_name('./simv: undefined symbol: vhdi_set_orig_name')
ANF: vhdi_set_dump_pt('./simv: undefined symbol: vhdi_set_dump_pt')
ANF: vhdi_get_fsdb_option('./simv: undefined symbol: vhdi_get_fsdb_option')
ANF: vhdi_fgp_get_mode('./simv: undefined symbol: vhdi_fgp_get_mode')
ANF: vhdi_node_register_composite_var('./simv: undefined symbol: vhdi_node_register_composite_var')
ANF: vhdi_node_analysis('./simv: undefined symbol: vhdi_node_analysis')
ANF: vhdi_node_id('./simv: undefined symbol: vhdi_node_id')
ANF: vhdi_node_ist_check_scsd_callback('./simv: undefined symbol: vhdi_node_ist_check_scsd_callback')
ANF: vhdi_node_ist_add_scsd_callback('./simv: undefined symbol: vhdi_node_ist_add_scsd_callback')
ANF: vhdi_node_ist_get_value_addr('./simv: undefined symbol: vhdi_node_ist_get_value_addr')
ANF: vhdi_enc_def_traverse_module('./simv: undefined symbol: vhdi_enc_def_traverse_module')
ANF: vhdi_enc_def_traverse_scope('./simv: undefined symbol: vhdi_enc_def_traverse_scope')
ANF: vhdi_enc_def_traverse_variable('./simv: undefined symbol: vhdi_enc_def_traverse_variable')
ANF: vhdi_enc_ist_traverse_scope('./simv: undefined symbol: vhdi_enc_ist_traverse_scope')
ANF: vhdi_enc_ist_traverse_variable('./simv: undefined symbol: vhdi_enc_ist_traverse_variable')
ANF: vhdi_enc_ist_get_module_id('./simv: undefined symbol: vhdi_enc_ist_get_module_id')
ANF: vhdi_enc_def_get_handle_by_module_id('./simv: undefined symbol: vhdi_enc_def_get_handle_by_module_id')
VCS compile option:
 option[0]: ./simv
 option[1]: +dump
 option[2]: /opt/cad/synopsys/installs/vcs/Q-2020.03-SP2/linux64/bin/vcs1
 option[3]: -Mcc=gcc
 option[4]: -Mcplusplus=g++
 option[5]: -Masflags=
 option[6]: -Mcfl= -pipe -fPIC -O -I/opt/cad/synopsys/installs/vcs/Q-2020.03-SP2/include 
 option[7]: -Mxllcflags=
 option[8]: -Mxcflags= -pipe -fPIC -I/opt/cad/synopsys/installs/vcs/Q-2020.03-SP2/include
 option[9]: -Mldflags= -rdynamic 
 option[10]: -Mout=simv
 option[11]: -Mamsrun=
 option[12]: -Mvcsaceobjs=
 option[13]: -Mobjects= /opt/cad/synopsys/installs/vcs/Q-2020.03-SP2/linux64/lib/libvirsim.so /opt/cad/synopsys/installs/vcs/Q-2020.03-SP2/linux64/lib/liberrorinf.so /opt/cad/synopsys/installs/vcs/Q-2020.03-SP2/linux64/lib/libsnpsmalloc.so /opt/cad/synopsys/installs/vcs/Q-2020.03-SP2/linux64/lib/libvfs.so 
 option[14]: -Mexternalobj=
 option[15]: -Msaverestoreobj=/opt/cad/synopsys/installs/vcs/Q-2020.03-SP2/linux64/lib/vcs_save_restore_new.o
 option[16]: -Mcrt0=
 option[17]: -Mcrtn=
 option[18]: -Mcsrc=
 option[19]: -Msyslibs=/opt/cad/synopsys/installs/verdi/Q-2020.03-SP2/share/PLI/VCS/LINUX64/pli.a -ldl 
 option[20]: +vcs+lic+wait
 option[21]: -kdb
 option[22]: -Xufe=2steps
 option[23]: +vc+list
 option[24]: +error+20
 option[25]: +lint=TFIPC-L
 option[26]: +lint=IIMW-L
 option[27]: +lint=GCWM-L
 option[28]: +lint=CAWM-L
 option[29]: +lint=PCWM-L
 option[30]: -full64
 option[31]: -top
 option[32]: hehe_tb
 option[33]: -timescale=1ns/1ps
 option[34]: -v2k_generate
 option[35]: -debug_access+all
 option[36]: +vpi
 option[37]: +vcsd1
 option[38]: +itf+/opt/cad/synopsys/installs/vcs/Q-2020.03-SP2/linux64/lib/vcsdp_lite.tab
 option[39]: -picarchive
 option[40]: -P
 option[41]: /opt/cad/synopsys/installs/verdi/Q-2020.03-SP2/share/PLI/VCS/LINUX64/verdi.tab
 option[42]: -fsdb
 option[43]: -sverilog
 option[44]: +vpi
 option[45]: -gen_obj
 option[46]: -F
 option[47]: flist.f
 option[48]: -load
 option[49]: /opt/cad/synopsys/installs/verdi/Q-2020.03-SP2/share/PLI/VCS/LINUX64/libnovas.so:FSDBDumpCmd
 option[50]: timescale=1ns/1ps
Chronologic Simulation VCS Release Q-2020.03-SP2_Full64
Linux 3.10.0-1160.el7.x86_64 #1 SMP Mon Oct 19 16:18:59 UTC 2020 x86_64
CPU cores: 104
Limit information:
======================================
cputime		unlimited
filesize		unlimited
datasize		unlimited
stacksize		8192 kbytes
coredumpsize		unlimited
memoryuse		unlimited
vmemoryuse		unlimited
descriptors		1000000
memorylocked		32000 kbytes
maxproc		4096
======================================
(Special)Runtime environment variables:

Runtime environment variables:
LC_PAPER=en_US.UTF-8
SYNOPSYS_HOME=/opt/cad/synopsys/installs
PVSHOME=/opt/cad/cadence/installs/PVS201
CAML_LD_LIBRARY_PATH=/work/stu/dyzhang/.opam/ocaml-base-compiler.4.06.1/lib/stublibs:/work/stu/dyzhang/.opam/ocaml-base-compiler.4.06.1/lib/ocaml/stublibs:/work/stu/dyzhang/.opam/ocaml-base-compiler.4.06.1/lib/ocaml
MPI_INCLUDE=/usr/include/mpich-3.2-x86_64
MANPATH=/usr/share/man/mpich-3.2:/usr/share/man:/usr/local/share/man:/work/stu/dyzhang/.opam/ocaml-base-compiler.4.06.1/man
XDG_SESSION_ID=16970
QRC_HOME=/opt/cad/cadence/installs/QUANTUS201
LC_MONETARY=en_US.UTF-8
HOSTNAME=server1
TERM=xterm
SHELL=/bin/bash
OA_LINK_DIR=/work/tools/cadence/installs/ICADVM201/oa_v22.60.043
HISTSIZE=1000
MAKEFLAGS=
SSH_CLIENT=10.8.105.37 12043 22
SPECTRE_HOME=/opt/cad/cadence/installs/SPECTRE201
BAG_TECH_CONFIG_DIR=/work/stu/yzhang/process/bag/BAG2_cds_ff_mpt/cds_ff_mpt
LC_NUMERIC=en_US.UTF-8
QTDIR=/usr/lib64/qt-3.3
OPAM_SWITCH_PREFIX=/work/stu/dyzhang/.opam/ocaml-base-compiler.4.06.1
QTINC=/usr/lib64/qt-3.3/include
BAG_WORK_DIR=/work/stu/yzhang/process/bag/BAG2_cds_ff_mpt
SSH_TTY=/dev/pts/162
BAG_TEMP_DIR=/work/stu/yzhang/process/bag/BAG2_cds_ff_mpt/BAGTMP
QT_GRAPHICSSYSTEM_CHECKED=1
OCAML_TOPLEVEL_PATH=/work/stu/dyzhang/.opam/ocaml-base-compiler.4.06.1/lib/toplevel
MPI_PYTHON_SITEARCH=/usr/lib64/python2.7/site-packages/mpich-3.2
USER=dyzhang
LS_COLORS=rs=0:di=01;34:ln=01;36:mh=00:pi=40;33:so=01;35:do=01;35:bd=40;33;01:cd=40;33;01:or=40;31;01:mi=01;05;37;41:su=37;41:sg=30;43:ca=30;41:tw=30;42:ow=34;42:st=37;44:ex=01;32:*.tar=01;31:*.tgz=01;31:*.arc=01;31:*.arj=01;31:*.taz=01;31:*.lha=01;31:*.lz4=01;31:*.lzh=01;31:*.lzma=01;31:*.tlz=01;31:*.txz=01;31:*.tzo=01;31:*.t7z=01;31:*.zip=01;31:*.z=01;31:*.Z=01;31:*.dz=01;31:*.gz=01;31:*.lrz=01;31:*.lz=01;31:*.lzo=01;31:*.xz=01;31:*.bz2=01;31:*.bz=01;31:*.tbz=01;31:*.tbz2=01;31:*.tz=01;31:*.deb=01;31:*.rpm=01;31:*.jar=01;31:*.war=01;31:*.ear=01;31:*.sar=01;31:*.rar=01;31:*.alz=01;31:*.ace=01;31:*.zoo=01;31:*.cpio=01;31:*.7z=01;31:*.rz=01;31:*.cab=01;31:*.jpg=01;35:*.jpeg=01;35:*.gif=01;35:*.bmp=01;35:*.pbm=01;35:*.pgm=01;35:*.ppm=01;35:*.tga=01;35:*.xbm=01;35:*.xpm=01;35:*.tif=01;35:*.tiff=01;35:*.png=01;35:*.svg=01;35:*.svgz=01;35:*.mng=01;35:*.pcx=01;35:*.mov=01;35:*.mpg=01;35:*.mpeg=01;35:*.m2v=01;35:*.mkv=01;35:*.webm=01;35:*.ogm=01;35:*.mp4=01;35:*.m4v=01;35:*.mp4v=01;35:*.vob=01;35:*.qt=01;35:*.nuv=01;35:*.wmv=01;35:*.asf=01;35:*.rm=01;35:*.rmvb=01;35:*.flc=01;35:*.avi=01;35:*.fli=01;35:*.flv=01;35:*.gl=01;35:*.dl=01;35:*.xcf=01;35:*.xwd=01;35:*.yuv=01;35:*.cgm=01;35:*.emf=01;35:*.axv=01;35:*.anx=01;35:*.ogv=01;35:*.ogx=01;35:*.aac=01;36:*.au=01;36:*.flac=01;36:*.mid=01;36:*.midi=01;36:*.mka=01;36:*.mp3=01;36:*.mpc=01;36:*.ogg=01;36:*.ra=01;36:*.wav=01;36:*.axa=01;36:*.oga=01;36:*.spx=01;36:*.xspf=01;36:
LD_LIBRARY_PATH=/usr/lib64/mpich-3.2/lib:/usr/local/lib:/work/stu/yzhang/lib:/lib:/lib64:/work/stu/yzhang/software/XZ/lib:/work/stu/yzhang/software/verilator-zyh/share/verilator/include:/work/stu/yzhang/software/lib:/work/stu/yzhang/software/boost:/work/tools/cadence/installs/ICADVM201/oa_v22.60.043/lib/linux_rhel60_64/opt:/work/stu/yzhang/software/PyCellStudio/linux64/3rd/oa/lib/linux_rhel60_64/opt:/opt/cadence/INCISIVE151/tools.lnx86/lib
OPENSOURCE_HOME=/opt/cad/opensource/installs
MAKE_TERMOUT=/dev/pts/162
ANSYS_HOME=/opt/cad/ansys
MAKELEVEL=1
SNPSLMD_LICENSE_FILE=27020@10.8.6.1:1701@166.111.76.15:1701@166.111.77.2
BAG_JUPYTER=/work/stu/yzhang/tools/anaconda3/bin/jupyter-notebook
AMSHOME=
MPI_LIB=/usr/lib64/mpich-3.2/lib
MFLAGS=
BAG_CONFIG_PATH=/work/stu/yzhang/process/bag/BAG2_cds_ff_mpt/bag_config.yaml
PATH=/work/stu/dyzhang/.opam/ocaml-base-compiler.4.06.1/bin:/tools/bin:/opt/cad/cadence/installs/SPECTRE201/tools/bin:/opt/cad/cadence/installs/ICADVM201/tools/bin:/opt/cad/cadence/installs/ICADVM201/tools/dfII/bin:/opt/cad/cadence/installs/ICADVM201/tools/plot/bin:/opt/cad/cadence/installs/PVS201/tools/bin:/opt/cad/cadence/installs/QUANTUS201/tools/bin:/opt/cad/synopsys/installs/installer:/opt/cad/synopsys/installs/vcs/Q-2020.03-SP2/bin:/opt/cad/synopsys/installs/syn/P-2019.12-SP-3/syn/Q-2019.12-SP3/bin:/opt/cad/synopsys/installs/verdi/Q-2020.03-SP2/bin:/opt/cad/synopsys/installs/hspice_2hspice/P-2019.06-SP2-3/hspice/bin:/opt/cad/synopsys/installs/spyglass/P-2019.06-SP2-8/SPYGLASS_HOME/bin:/usr/lib64/qt-3.3/bin:/usr/lib64/mpich-3.2/bin:/usr/local/bin:/usr/bin:/usr/local/sbin:/usr/sbin:/opt/riscv-toolchain-bin-imac-9.2.0/bin:/work/stu/yzhang/risc_v/newlib-gnu-toolchain/bin:/work/stu/yzhang/risc_v/elf2hex/bin:/work/tools/cadence/installs/ICADVM201/bin:/work/stu/yzhang/bin:/work/tools/cadence/installs/GENUS201/tools.lnx86/bin:/work/tools/synopsys/vcs_2017_12/vcs-mx/N-2017.12-SP2-9/bin:/work/stu/zxluan/verilator/bin:/work/tools/cadence/installs/INNOVUS201/bin:/opt/riscv-toolchain-bin-imac-9.2.0/bin:/opt/cad/synopsys/installs/installer:/opt/cad/xilinx/installs/Vivado/2018.3/bin:/opt/cad/synopsys/installs/syn/P-2019.03/bin:/opt/cad/synopsys/installs/vcs/Q-2020.03-SP2/bin:/opt/cad/synopsys/installs/fpga/P-2019.09-SP1-1/bin:/opt/aclocal-1.15/bin:/opt/cad/synopsys/installs/scl/2018.06-SP1/linux64/bin/:/opt/cad/cadence/installs/QUANTUS201/bin:/opt/cad/cadence/installs/INCISIVE152/bin:/opt/cad/cadence/installs/XCELIUM2009.019/bin:/opt/cad/cadence/installs/XCELIUM2009.019/tools/bin:/opt/cad/cadence/installs/SIGRITY2019/bin:/work/stu/yzhang/tools/anaconda3/bin
SPECTRE_DEFAULTS=-E
MAIL=/var/spool/mail/dyzhang
MPI_BIN=/usr/lib64/mpich-3.2/bin
_=./simv
BAG_PYTHON=/work/stu/yzhang/tools/anaconda3/bin/python3
VERDI_HOME=/opt/cad/synopsys/installs/verdi/Q-2020.03-SP2
MPI_COMPILER=mpich-3.2-x86_64
PWD=/work/stu/dyzhang/projects/riosclass_template/lab1/verilog/dv
VCS_HOME=/opt/cad/synopsys/installs/vcs/Q-2020.03-SP2
_LMFILES_=/etc/modulefiles/mpi/mpich-3.2-x86_64
IPYTHONDIR=/work/stu/yzhang/process/bag/BAG2_cds_ff_mpt/.ipython
LANG=en_GB.UTF-8
MODULEPATH=/usr/share/Modules/modulefiles:/etc/modulefiles
VRST_HOME=/opt/cadence/INCISIVE151
LC_MEASUREMENT=en_US.UTF-8
LOADEDMODULES=mpi/mpich-3.2-x86_64
CADENCE_HOME=/opt/cad/cadence/installs
CDSHOME=/opt/cad/cadence/installs/ICADVM201
SYNOPSYS=/opt/cad/synopsys/installs
CDS_Netlisting_Mode=Analog
LM_LICENSE_FILE=27020@10.8.6.1:1701@166.111.76.15:1701@166.111.77.2
HISTCONTROL=ignoredups
SPECMAN_HOME=/opt/cadence/INCISIVE151/components/sn
MPI_SYSCONFIG=/etc/mpich-3.2-x86_64
HOME=/work/stu/dyzhang
SHLVL=2
REPO_URL=https://mirrors.tuna.tsinghua.edu.cn/git/git-repo
MPI_SUFFIX=_mpich-3.2
MPI_MAN=/usr/share/man/mpich-3.2
PYTHONPATH=/usr/lib64/python2.7/site-packages/mpich-3.2
LOGNAME=dyzhang
MAKE_TERMERR=/dev/pts/162
QTLIB=/usr/lib64/qt-3.3/lib
SSH_CONNECTION=10.8.105.37 12043 10.8.6.4 22
XDG_DATA_DIRS=/work/stu/dyzhang/.local/share/flatpak/exports/share:/var/lib/flatpak/exports/share:/usr/local/share:/usr/share
CAD_HOME=/opt/cad
CDS_LIC_FILE=5280@166.111.77.2
MODULESHOME=/usr/share/Modules
MPI_HOME=/usr/lib64/mpich-3.2
MPI_FORTRAN_MOD_DIR=/usr/lib64/gfortran/modules/mpich-3.2-x86_64
LESSOPEN=||/usr/bin/lesspipe.sh %s
SPECMAN_DIR=/opt/cadence/INCISIVE151/components/sn/
PKG_CONFIG_PATH=/work/stu/dyzhang/.opam/ocaml-base-compiler.4.06.1/lib/pkgconfig:/usr/lib64/mpich-3.2/lib/pkgconfig
XDG_RUNTIME_DIR=/run/user/1624
DISPLAY=localhost:35.0
OPAMNOENVNOTICE=true
XILINX_HOME=/opt/cad/xilinx/installs
LC_TIME=en_US.UTF-8
INCISIVDIR=/opt/cadence/INCISIVE151
BAG_FRAMEWORK=/work/stu/yzhang/process/bag/BAG2_cds_ff_mpt/BAG_framework
CDS_INST_DIR=/opt/cad/cadence/installs/ICADVM201
BASH_FUNC_module()=() {  eval `/usr/bin/modulecmd bash $*`
}
VCS_HEAP_EXEC=true
VCS_PATHMAP_PRELOAD_DONE=1
VCS_STACK_EXEC=true
VCS_EXEC_DONE=1
LC_ALL=C
DVE=/opt/cad/synopsys/installs/vcs/Q-2020.03-SP2/gui/dve
SPECMAN_OUTPUT_TO_TTY=1
FLEXLM_BORROWFILE=/work/stu/dyzhang/.server1-borrow.txt
Runtime command line arguments:
argv[0]=./simv
argv[1]=+dump
258 profile - 100
          CPU/Mem usage: 0.060 sys,  0.350 user,  276.88M mem
259 Elapsed time:    0:00:01    Wed Oct 26 17:01:29 2022
260 pliAppInit
261 FSDB_GATE is set.
262 FSDB_RTL is set.
263 FSDB_RTL is set.
264 FSDB_FIELDTYPE is set.
265 Enable Parallel Dumping.
266 pliAppMiscSet: New Sim Round
267 pliEntryInit
268 LIBSSCORE=found /opt/cad/synopsys/installs/verdi/Q-2020.03-SP2/share/PLI/lib/LINUXAMD64/libsscore_vcs202003.so through $NOVAS_HOME setting.
269 FSDB Dumper for VCS, Release Verdi_Q-2020.03-SP2, Linux x86_64/64bit, 08/31/2020
270 (C) 1996 - 2020 by Synopsys, Inc.
271 sps_call_fsdbDumpfile_main at 0 : ./hehe_tb.sv(22)
272 argv[0]: (./logs/waves.fsdb)
273 *Verdi* : Create FSDB file './logs/waves.fsdb'
274 compile option from '/work/stu/dyzhang/projects/riosclass_template/lab1/verilog/dv/simv.daidir/vcs_rebuild'.
275   "vcs '+vcs+lic+wait' '-sverilog' '-kdb' '+vc+list' '+vpi' '+error+20' '+lint=TFIPC-L' '+lint=IIMW-L' '+lint=GCWM-L' '+lint=CAWM-L' '+lint=PCWM-L' '-full64' '-F' 'flist.f' '-top' 'hehe_tb' '-timescale=1ns/1ps' '-v2k_generate' '-debug_access+all' 2>&1"
276 DVDI_is_vir_unload_enabled is enable
277 FSDB_VCS_ENABLE_NATIVE_VC is enable
278 sps_call_fsdbDumpvars_vd_main at 0 : ./hehe_tb.sv(23)
279 argv[0]: (0)
280 argv[1]: (handle) hehe_tb
281 [spi_vcs_vd_ppi_create_root]: no upf option
282 FSDB dumper cannot dump UPF related power signal ($power_tree): no ppiPowerNetwork.
283 Power dumping is enabled and VIR_REDUCTION may not work.
284 *Verdi* : Begin traversing the scope (hehe_tb), layer (0).
285 *Verdi* : End of traversing.
286 pliAppHDL_DumpVarComplete traverse var: profile - 
          CPU/Mem usage: 0.070 sys,  0.370 user,  393.97M mem
                   incr: 0.010 sys,  0.010 user,  24.81M mem
                   accu: 0.010 sys,  0.010 user,  24.81M mem
              accu incr: 0.010 sys,  0.010 user,  24.81M mem

          Count usage: 1971 var,  1072 idcode,  427 callback
                 incr: 1971 var,  1072 idcode,  427 callback
                 accu: 1971 var,  1072 idcode,  427 callback
            accu incr: 1971 var,  1072 idcode,  427 callback
287 Elapsed time:    0:00:01    Wed Oct 26 17:01:29 2022
288 pliAppHDL_DumpVarComplete: profile - 
          CPU/Mem usage: 0.070 sys,  0.370 user,  395.02M mem
                   incr: 0.000 sys,  0.000 user,  1.05M mem
                   accu: 0.010 sys,  0.010 user,  25.87M mem
              accu incr: 0.000 sys,  0.000 user,  1.05M mem

          Count usage: 1971 var,  1072 idcode,  427 callback
                 incr: 0 var,  0 idcode,  0 callback
                 accu: 1971 var,  1072 idcode,  427 callback
            accu incr: 0 var,  0 idcode,  0 callback
289 Elapsed time:    0:00:01    Wed Oct 26 17:01:29 2022
290 sps_call_fsdbDumpvars_vd_main at 0 : ./hehe_tb.sv(24)
291 argv[0]: (+struct)
292 *Verdi* : Begin traversing the scopes, layer (0).
293 *Verdi* : Enable +struct dumping.
294 *Verdi* : End of traversing.
295 pliAppHDL_DumpVarComplete traverse var: profile - 
          CPU/Mem usage: 0.070 sys,  0.370 user,  395.02M mem
                   incr: 0.000 sys,  0.000 user,  0.00M mem
                   accu: 0.000 sys,  0.000 user,  0.00M mem
              accu incr: 0.000 sys,  0.000 user,  0.00M mem

          Count usage: 3981 var,  1111 idcode,  433 callback
                 incr: 2010 var,  39 idcode,  6 callback
                 accu: 2010 var,  39 idcode,  6 callback
            accu incr: 2010 var,  39 idcode,  6 callback
296 Elapsed time:    0:00:01    Wed Oct 26 17:01:29 2022
297 pliAppHDL_DumpVarComplete: profile - 
          CPU/Mem usage: 0.070 sys,  0.370 user,  395.02M mem
                   incr: 0.000 sys,  0.000 user,  0.00M mem
                   accu: 0.000 sys,  0.000 user,  0.00M mem
              accu incr: 0.000 sys,  0.000 user,  0.00M mem

          Count usage: 3981 var,  1111 idcode,  433 callback
                 incr: 0 var,  0 idcode,  0 callback
                 accu: 2010 var,  39 idcode,  6 callback
            accu incr: 0 var,  0 idcode,  0 callback
298 Elapsed time:    0:00:01    Wed Oct 26 17:01:29 2022
299 sps_call_fsdbDumpvars_vd_main at 0 : ./hehe_tb.sv(25)
300 argv[0]: (+mda)
301 *Verdi* : Begin traversing the scopes, layer (0).
302 *Verdi* : Enable +mda dumping.
303 *Verdi* : End of traversing.
304 pliAppHDL_DumpVarComplete traverse var: profile - 
          CPU/Mem usage: 0.070 sys,  0.380 user,  395.33M mem
                   incr: 0.000 sys,  0.010 user,  0.31M mem
                   accu: 0.000 sys,  0.010 user,  0.31M mem
              accu incr: 0.000 sys,  0.010 user,  0.31M mem

          Count usage: 15701 var,  10860 idcode,  468 callback
                 incr: 11720 var,  9749 idcode,  35 callback
                 accu: 11720 var,  9749 idcode,  35 callback
            accu incr: 11720 var,  9749 idcode,  35 callback
305 Elapsed time:    0:00:01    Wed Oct 26 17:01:29 2022
306 pliAppHDL_DumpVarComplete: profile - 
          CPU/Mem usage: 0.070 sys,  0.380 user,  395.61M mem
                   incr: 0.000 sys,  0.000 user,  0.28M mem
                   accu: 0.000 sys,  0.010 user,  0.59M mem
              accu incr: 0.000 sys,  0.000 user,  0.28M mem

          Count usage: 15701 var,  10860 idcode,  468 callback
                 incr: 0 var,  0 idcode,  0 callback
                 accu: 11720 var,  9749 idcode,  35 callback
            accu incr: 0 var,  0 idcode,  0 callback
307 Elapsed time:    0:00:01    Wed Oct 26 17:01:29 2022
308 sps_call_fsdbDumpvars_vd_main at 0 : ./hehe_tb.sv(26)
309 argv[0]: (+all)
310 *Verdi* : Begin traversing the scopes, layer (0).
311 *Verdi* : Enable +all dumping.
312 *Verdi* : End of traversing.
313 pliAppHDL_DumpVarComplete traverse var: profile - 
          CPU/Mem usage: 0.070 sys,  0.390 user,  395.61M mem
                   incr: 0.000 sys,  0.010 user,  0.00M mem
                   accu: 0.000 sys,  0.010 user,  0.00M mem
              accu incr: 0.000 sys,  0.010 user,  0.00M mem

          Count usage: 27460 var,  10860 idcode,  468 callback
                 incr: 11759 var,  0 idcode,  0 callback
                 accu: 11759 var,  0 idcode,  0 callback
            accu incr: 11759 var,  0 idcode,  0 callback
314 Elapsed time:    0:00:01    Wed Oct 26 17:01:29 2022
315 pliAppHDL_DumpVarComplete: profile - 
          CPU/Mem usage: 0.070 sys,  0.390 user,  395.61M mem
                   incr: 0.000 sys,  0.000 user,  0.00M mem
                   accu: 0.000 sys,  0.010 user,  0.00M mem
              accu incr: 0.000 sys,  0.000 user,  0.00M mem

          Count usage: 27460 var,  10860 idcode,  468 callback
                 incr: 0 var,  0 idcode,  0 callback
                 accu: 11759 var,  0 idcode,  0 callback
            accu incr: 0 var,  0 idcode,  0 callback
316 Elapsed time:    0:00:01    Wed Oct 26 17:01:29 2022
317 sps_call_fsdbDumpon_vd_main at 0 : ./hehe_tb.sv(27)
318 *Verdi* : fsdbDumpon - All FSDB files at 0 ps.
319 End of simulation at 59930000
320 Elapsed time:    0:00:01    Wed Oct 26 17:01:29 2022
321 Begin FSDB profile info:
322 FSDB Writer : bc1(54210) bcn(136640) mtf/stf(0/0)
FSDB Writer elapsed time : flush(0.024437) io wait(0.000000) theadpool wait(0.000000)
FSDB Writer cpu time : MT Compression : 0
323 End FSDB profile info
324 Parallel profile     - ProducerThread:1 ConsumerThread:1 Buffer:64MB
325                      - BlockUsed:3 Acquire:149348 BufferUsed:2479919
326                      - Flush:7 Expand:0 ProducerWait:0 ConsumerWait:1
327                      - MainProducerTime:0.586613553 TotalConsumerTime:0.019689092
328                      - ElapsedTime:0.206569000
329 Producer   0 profile - BlockUsed:3 Acquire:149348 BufferUsed:2479919
330 Consumer   0 profile - Affinity:-1 CPUTime:0.019689092 LifeTime:0.022410265 (0.88%)
331                      - BlockUsed:3 Acquire:149348 BufferUsed:2479919
332 SimExit
333 Elapsed time:    0:00:01    Wed Oct 26 17:01:29 2022
334 Sim process exit
