Warning : License for product VCSRuntime_Net(725) will expire within 29 days, on: 23-nov-2022.

If you would like to temporarily disable this message, set 
 the VCS_LIC_EXPIRE_WARNING environment variable to the number of days
before expiration that you want this message to start (the minimum is 0).
Chronologic VCS simulator copyright 1991-2020
Contains Synopsys proprietary information.
Compiler version Q-2020.03-SP2_Full64; Runtime version Q-2020.03-SP2_Full64;  Oct 26 17:01 2022
Preloading hehe_tb.magicmemory from isa/build/hex/rv64ui/add.hex
VCD+ Writer Q-2020.03-SP2_Full64 Copyright (c) 1991-2020 by Synopsys Inc.
*Verdi* Loading libsscore_vcs202003.so
FSDB Dumper for VCS, Release Verdi_Q-2020.03-SP2, Linux x86_64/64bit, 08/31/2020
(C) 1996 - 2020 by Synopsys, Inc.
*Verdi* : Create FSDB file './logs/waves.fsdb'
*Verdi* : Begin traversing the scope (hehe_tb), layer (0).
*Verdi* : End of traversing.
*Verdi* : Begin traversing the scopes, layer (0).
*Verdi* : Enable +struct dumping.
*Verdi* : End of traversing.
*Verdi* : Begin traversing the scopes, layer (0).
*Verdi* : Enable +mda dumping.
*Verdi* : End of traversing.
*Verdi* : Begin traversing the scopes, layer (0).
*Verdi* : Enable +all dumping.
*Verdi* : End of traversing.
*Verdi* : fsdbDumpon - All FSDB files at 0 ps.
 05c0006f 80000000 
 00000093 8000005c 
 00000113 80000060 
 00000193 80000064 
 00000213 80000068 
 00000293 8000006c 
 00000313 80000070 
 00000393 80000074 
 00000413 80000078 
 00000493 8000007c 
 00000513 80000080 
 00000593 80000084 
 00000613 80000088 
 00000693 8000008c 
 00000713 80000090 
 00000793 80000094 
 00000813 80000098 
 00000893 8000009c 
 00000913 800000a0 
 00000993 800000a4 
 00000a13 800000a8 
 00000a93 800000ac 
 00000b13 800000b0 
 00000b93 800000b4 
 00000c13 800000b8 
 00000c93 800000bc 
 00000d13 800000c0 
 00000d93 800000c4 
 00000e13 800000c8 
 00000e93 800000cc 
 00000f13 800000d0 
 00000f93 800000d4 
 f1402573 800000d8 
 00051063 800000dc 
 00000297 800000e0 
 01028293 800000e4 
 30529073 800000e8 
 18005073 800000ec 
 00000297 800000f0 
 02428293 800000f4 
 30529073 800000f8 
 0010029b 800000fc 
 03529293 80000100 
 fff28293 80000104 
 3b029073 80000108 
 30405073 80000114 
 00000297 80000118 
 01428293 8000011c 
 30529073 80000120 
 30205073 80000124 
 00000193 8000012c 
 00000297 80000130 
 ed428293 80000134 
 30529073 80000138 
 00100513 8000013c 
 01f51513 80000140 
 00055c63 80000144 
 80000297 8000015c 
 ea428293 80000160 
 00028a63 80000164 
 30005073 80000178 
 00000297 8000017c 
 01428293 80000180 
 34129073 80000184 
 f1402573 80000188 
 30200073 8000018c 
 00200193 80000190 
 00000093 80000194 
 00000113 80000198 
 00208733 8000019c 
 00000393 800001a0 
 4e771063 800001a4 
 00300193 800001a8 
 00100093 800001ac 
 00100113 800001b0 
 00208733 800001b4 
 00200393 800001b8 
 4c771463 800001bc 
 00400193 800001c0 
 00300093 800001c4 
 00700113 800001c8 
 00208733 800001cc 
 00a00393 800001d0 
 4a771863 800001d4 
 00500193 800001d8 
 00000093 800001dc 
 ffff8137 800001e0 
 00208733 800001e4 
 ffff83b7 800001e8 
 48771c63 800001ec 
 00600193 800001f0 
 800000b7 800001f4 
 00000113 800001f8 
 00208733 800001fc 
 800003b7 80000200 
 48771063 80000204 
 00700193 80000208 
 800000b7 8000020c 
 ffff8137 80000210 
 00208733 80000214 
 ffff03b7 80000218 
 fff3839b 8000021c 
 00f39393 80000220 
 46771063 80000224 
 00800193 80000228 
 00000093 8000022c 
 00008137 80000230 
 fff1011b 80000234 
 00208733 80000238 
 000083b7 8000023c 
 fff3839b 80000240 
 44771063 80000244 
 00900193 80000248 
 800000b7 8000024c 
 fff0809b 80000250 
 00000113 80000254 
 00208733 80000258 
 800003b7 8000025c 
 fff3839b 80000260 
 42771063 80000264 
 00a00193 80000268 
 800000b7 8000026c 
 fff0809b 80000270 
 00008137 80000274 
 fff1011b 80000278 
 00208733 8000027c 
 000103b7 80000280 
 0013839b 80000284 
 00f39393 80000288 
 ffe38393 8000028c 
 3e771a63 80000290 
 00b00193 80000294 
 800000b7 80000298 
 00008137 8000029c 
 fff1011b 800002a0 
 00208733 800002a4 
 800083b7 800002a8 
 fff3839b 800002ac 
 3c771a63 800002b0 
 00c00193 800002b4 
 800000b7 800002b8 
 fff0809b 800002bc 
 ffff8137 800002c0 
 00208733 800002c4 
 7fff83b7 800002c8 
 fff3839b 800002cc 
 3a771a63 800002d0 
 00d00193 800002d4 
 00000093 800002d8 
 fff00113 800002dc 
 00208733 800002e0 
 fff00393 800002e4 
 38771e63 800002e8 
 00e00193 800002ec 
 fff00093 800002f0 
 00100113 800002f4 
 00208733 800002f8 
 00000393 800002fc 
 38771263 80000300 
 00f00193 80000304 
 fff00093 80000308 
 fff00113 8000030c 
 00208733 80000310 
 ffe00393 80000314 
 36771663 80000318 
 01000193 8000031c 
 00100093 80000320 
 80000137 80000324 
 fff1011b 80000328 
 00208733 8000032c 
 0010039b 80000330 
 01f39393 80000334 
 34771663 80000338 
 01100193 8000033c 
 00d00093 80000340 
 00b00113 80000344 
 002080b3 80000348 
 01800393 8000034c 
 32709a63 80000350 
 01200193 80000354 
 00e00093 80000358 
 00b00113 8000035c 
 00208133 80000360 
 01900393 80000364 
 30711e63 80000368 
 01300193 8000036c 
 00d00093 80000370 
 001080b3 80000374 
 01a00393 80000378 
 30709463 8000037c 
 01400193 80000380 
 00000213 80000384 
 00d00093 80000388 
 00b00113 8000038c 
 00208733 80000390 
 00070313 80000394 
 00120213 80000398 
 00200293 8000039c 
 fe5214e3 800003a0 
 00d00093 80000388 
 00b00113 8000038c 
 00208733 80000390 
 00070313 80000394 
 00120213 80000398 
 00200293 8000039c 
 fe5214e3 800003a0 
 00d00093 80000388 
 00d00093 80000388 
 01800393 800003a4 
 2c731e63 800003a8 
 01500193 800003ac 
 00000213 800003b0 
 00e00093 800003b4 
 00b00113 800003b8 
 00208733 800003bc 
 00000013 800003c0 
 00070313 800003c4 
 00120213 800003c8 
 00200293 800003cc 
 fe5212e3 800003d0 
 00e00093 800003b4 
 00b00113 800003b8 
 00208733 800003bc 
 00000013 800003c0 
 00070313 800003c4 
 00120213 800003c8 
 00200293 800003cc 
 fe5212e3 800003d0 
 00e00093 800003b4 
 00e00093 800003b4 
 01900393 800003d4 
 2a731663 800003d8 
 01600193 800003dc 
 00000213 800003e0 
 00f00093 800003e4 
 00b00113 800003e8 
 00208733 800003ec 
 00000013 800003f0 
 00000013 800003f4 
 00070313 800003f8 
 00120213 800003fc 
 00200293 80000400 
 fe5210e3 80000404 
 00f00093 800003e4 
 00b00113 800003e8 
 00208733 800003ec 
 00000013 800003f0 
 00000013 800003f4 
 00070313 800003f8 
 00120213 800003fc 
 00200293 80000400 
 fe5210e3 80000404 
 01a00393 80000408 
 01a00393 80000408 
 01a00393 80000408 
 26731c63 8000040c 
 01700193 80000410 
 00000213 80000414 
 00d00093 80000418 
 00b00113 8000041c 
 00208733 80000420 
 00120213 80000424 
 00200293 80000428 
 fe5216e3 8000042c 
 00d00093 80000418 
 00b00113 8000041c 
 00208733 80000420 
 00120213 80000424 
 00200293 80000428 
 fe5216e3 8000042c 
 01800393 80000430 
 01800393 80000430 
 01800393 80000430 
 24771863 80000434 
 01800193 80000438 
 00000213 8000043c 
 00e00093 80000440 
 00b00113 80000444 
 00000013 80000448 
 00208733 8000044c 
 00120213 80000450 
 00200293 80000454 
 fe5214e3 80000458 
 00e00093 80000440 
 00b00113 80000444 
 00000013 80000448 
 00208733 8000044c 
 00120213 80000450 
 00200293 80000454 
 fe5214e3 80000458 
 00e00093 80000440 
 00e00093 80000440 
 01900393 8000045c 
 22771263 80000460 
 01900193 80000464 
 00000213 80000468 
 00f00093 8000046c 
 00b00113 80000470 
 00000013 80000474 
 00000013 80000478 
 00208733 8000047c 
 00120213 80000480 
 00200293 80000484 
 fe5212e3 80000488 
 00f00093 8000046c 
 00b00113 80000470 
 00000013 80000474 
 00000013 80000478 
 00208733 8000047c 
 00120213 80000480 
 00200293 80000484 
 fe5212e3 80000488 
 01a00393 8000048c 
 01a00393 8000048c 
 01a00393 8000048c 
 1e771a63 80000490 
 01a00193 80000494 
 00000213 80000498 
 00d00093 8000049c 
 00000013 800004a0 
 00b00113 800004a4 
 00208733 800004a8 
 00120213 800004ac 
 00200293 800004b0 
 fe5214e3 800004b4 
 00d00093 8000049c 
 00000013 800004a0 
 00b00113 800004a4 
 00208733 800004a8 
 00120213 800004ac 
 00200293 800004b0 
 fe5214e3 800004b4 
 01800393 800004b8 
 01800393 800004b8 
 01800393 800004b8 
 1c771463 800004bc 
 01b00193 800004c0 
 00000213 800004c4 
 00e00093 800004c8 
 00000013 800004cc 
 00b00113 800004d0 
 00000013 800004d4 
 00208733 800004d8 
 00120213 800004dc 
 00200293 800004e0 
 fe5212e3 800004e4 
 00e00093 800004c8 
 00000013 800004cc 
 00b00113 800004d0 
 00000013 800004d4 
 00208733 800004d8 
 00120213 800004dc 
 00200293 800004e0 
 fe5212e3 800004e4 
 00e00093 800004c8 
 00e00093 800004c8 
 01900393 800004e8 
 18771c63 800004ec 
 01c00193 800004f0 
 00000213 800004f4 
 00f00093 800004f8 
 00000013 800004fc 
 00000013 80000500 
 00b00113 80000504 
 00208733 80000508 
 00120213 8000050c 
 00200293 80000510 
 fe5212e3 80000514 
 00f00093 800004f8 
 00000013 800004fc 
 00000013 80000500 
 00b00113 80000504 
 00208733 80000508 
 00120213 8000050c 
 00200293 80000510 
 fe5212e3 80000514 
 01a00393 80000518 
 01a00393 80000518 
 01a00393 80000518 
 16771463 8000051c 
 01d00193 80000520 
 00000213 80000524 
 00b00113 80000528 
 00d00093 8000052c 
 00208733 80000530 
 00120213 80000534 
 00200293 80000538 
 fe5216e3 8000053c 
 00b00113 80000528 
 00d00093 8000052c 
 00208733 80000530 
 00120213 80000534 
 00200293 80000538 
 fe5216e3 8000053c 
 01800393 80000540 
 01800393 80000540 
 01800393 80000540 
 14771063 80000544 
 01e00193 80000548 
 00000213 8000054c 
 00b00113 80000550 
 00e00093 80000554 
 00000013 80000558 
 00208733 8000055c 
 00120213 80000560 
 00200293 80000564 
 fe5214e3 80000568 
 00b00113 80000550 
 00e00093 80000554 
 00000013 80000558 
 00208733 8000055c 
 00120213 80000560 
 00200293 80000564 
 fe5214e3 80000568 
 00b00113 80000550 
 00b00113 80000550 
 01900393 8000056c 
 10771a63 80000570 
 01f00193 80000574 
 00000213 80000578 
 00b00113 8000057c 
 00f00093 80000580 
 00000013 80000584 
 00000013 80000588 
 00208733 8000058c 
 00120213 80000590 
 00200293 80000594 
 fe5212e3 80000598 
 00b00113 8000057c 
 00f00093 80000580 
 00000013 80000584 
 00000013 80000588 
 00208733 8000058c 
 00120213 80000590 
 00200293 80000594 
 fe5212e3 80000598 
 01a00393 8000059c 
 01a00393 8000059c 
 01a00393 8000059c 
 0e771263 800005a0 
 02000193 800005a4 
 00000213 800005a8 
 00b00113 800005ac 
 00000013 800005b0 
 00d00093 800005b4 
 00208733 800005b8 
 00120213 800005bc 
 00200293 800005c0 
 fe5214e3 800005c4 
 00b00113 800005ac 
 00000013 800005b0 
 00d00093 800005b4 
 00208733 800005b8 
 00120213 800005bc 
 00200293 800005c0 
 fe5214e3 800005c4 
 01800393 800005c8 
 01800393 800005c8 
 01800393 800005c8 
 0a771c63 800005cc 
 02100193 800005d0 
 00000213 800005d4 
 00b00113 800005d8 
 00000013 800005dc 
 00e00093 800005e0 
 00000013 800005e4 
 00208733 800005e8 
 00120213 800005ec 
 00200293 800005f0 
 fe5212e3 800005f4 
 00b00113 800005d8 
 00000013 800005dc 
 00e00093 800005e0 
 00000013 800005e4 
 00208733 800005e8 
 00120213 800005ec 
 00200293 800005f0 
 fe5212e3 800005f4 
 01900393 800005f8 
 01900393 800005f8 
 01900393 800005f8 
 08771463 800005fc 
 02200193 80000600 
 00000213 80000604 
 00b00113 80000608 
 00000013 8000060c 
 00000013 80000610 
 00f00093 80000614 
 00208733 80000618 
 00120213 8000061c 
 00200293 80000620 
 fe5212e3 80000624 
 00b00113 80000608 
 00000013 8000060c 
 00000013 80000610 
 00f00093 80000614 
 00208733 80000618 
 00120213 8000061c 
 00200293 80000620 
 fe5212e3 80000624 
 01a00393 80000628 
 01a00393 80000628 
 01a00393 80000628 
 04771c63 8000062c 
 02300193 80000630 
 00f00093 80000634 
 00100133 80000638 
 00f00393 8000063c 
 04711263 80000640 
 02400193 80000644 
 02000093 80000648 
 00008133 8000064c 
 02000393 80000650 
 02711863 80000654 
 02500193 80000658 
 000000b3 8000065c 
 00000393 80000660 
 02709063 80000664 
 02600193 80000668 
 01000093 8000066c 
 01e00113 80000670 
 00208033 80000674 
 00000393 80000678 
 00701463 8000067c 
 02301063 80000680 
 0ff0000f 800006a0 
 00100193 800006a4 
 05d00893 800006a8 
 00000513 800006ac 
 00000073 800006b0 
 34202f73 80000004 
 00800f93 80000008 
 03ff0a63 8000000c 
 00900f93 80000010 
 03ff0663 80000014 
 00b00f93 80000018 
 03ff0263 8000001c 
 00001f17 80000040 
 fc3f2023 80000044 
pass test
$finish called from file "./hehe_tb.sv", line 51.
$finish at simulation time             59930000
           V C S   S i m u l a t i o n   R e p o r t 
Time: 59930000 ps
CPU Time:      0.600 seconds;       Data structure size:   0.1Mb
Wed Oct 26 17:01:29 2022
